build/app/intermediates/manifest_merge_blame_file/debug/manifest-merger-blame-debug-report.txt
1<?xml version="1.0" encoding="utf-8"?>
2<manifest xmlns:android="http://schemas.android.com/apk/res/android"
3    package="com.example.blog"
4    android:versionCode="1"
5    android:versionName="1.0.0" >
6
7    <uses-sdk
8        android:minSdkVersion="21"
9        android:targetSdkVersion="30" />
10    <!--
11         Flutter needs it to communicate with the running application
12         to allow setting breakpoints, to provide hot reload, etc.
13    -->
14    <uses-permission android:name="android.permission.INTERNET" />
14-->src\debug\AndroidManifest.xml:6:5-66
14-->src\debug\AndroidManifest.xml:6:22-64
15    <uses-permission android:name="android.permission.ACCESS_NETWORK_STATE" />
15-->[com.google.firebase:firebase-auth:21.0.1] AndroidManifest.xml:24:5-79
15-->[com.google.firebase:firebase-auth:21.0.1] AndroidManifest.xml:24:22-76
16    <uses-permission android:name="android.permission.WAKE_LOCK" />
16-->[com.google.android.gms:play-services-measurement-api:20.0.2] AndroidManifest.xml:24:5-68
16-->[com.google.android.gms:play-services-measurement-api:20.0.2] AndroidManifest.xml:24:22-65
17    <uses-permission android:name="com.google.android.finsky.permission.BIND_GET_INSTALL_REFERRER_SERVICE" /> <!-- Include required permissions for Advertising Id -->
17-->[com.google.android.gms:play-services-measurement:20.0.2] AndroidManifest.xml:26:5-110
17-->[com.google.android.gms:play-services-measurement:20.0.2] AndroidManifest.xml:26:22-107
18    <uses-permission android:name="com.google.android.gms.permission.AD_ID" />
18-->[com.google.android.gms:play-services-ads-identifier:18.0.0] AndroidManifest.xml:23:5-79
18-->[com.google.android.gms:play-services-ads-identifier:18.0.0] AndroidManifest.xml:23:22-76
19
20    <application
20-->src\main\AndroidManifest.xml:3:4-44:19
21        android:appComponentFactory="androidx.core.app.CoreComponentFactory"
21-->[androidx.core:core:1.5.0] AndroidManifest.xml:24:18-86
22        android:debuggable="true"
23        android:icon="@mipmap/ic_launcher"
23-->src\main\AndroidManifest.xml:5:9-43
24        android:label="blog" >
24-->src\main\AndroidManifest.xml:4:9-29
25        <activity
25-->src\main\AndroidManifest.xml:6:9-34:20
26            android:name="com.example.blog.MainActivity"
26-->src\main\AndroidManifest.xml:7:13-41
27            android:configChanges="orientation|keyboardHidden|keyboard|screenSize|smallestScreenSize|locale|layoutDirection|fontScale|screenLayout|density|uiMode"
27-->src\main\AndroidManifest.xml:10:13-163
28            android:hardwareAccelerated="true"
28-->src\main\AndroidManifest.xml:11:13-47
29            android:launchMode="singleTop"
29-->src\main\AndroidManifest.xml:8:13-43
30            android:theme="@style/LaunchTheme"
30-->src\main\AndroidManifest.xml:9:13-47
31            android:windowSoftInputMode="adjustResize" >
31-->src\main\AndroidManifest.xml:12:13-55
32
33            <!--
34                 Specifies an Android theme to apply to this Activity as soon as
35                 the Android process has started. This theme is visible to the user
36                 while the Flutter UI initializes. After that, this theme continues
37                 to determine the Window background behind the Flutter UI.
38            -->
39            <meta-data
39-->src\main\AndroidManifest.xml:17:13-20:17
40                android:name="io.flutter.embedding.android.NormalTheme"
40-->src\main\AndroidManifest.xml:18:15-70
41                android:resource="@style/NormalTheme" />
41-->src\main\AndroidManifest.xml:19:15-52
42            <!--
43                 Displays an Android View that continues showing the launch screen
44                 Drawable until Flutter paints its first frame, then this splash
45                 screen fades out. A splash screen is useful to avoid any visual
46                 gap between the end of Android's launch screen and the painting of
47                 Flutter's first frame.
48            -->
49            <meta-data
49-->src\main\AndroidManifest.xml:26:13-29:17
50                android:name="io.flutter.embedding.android.SplashScreenDrawable"
50-->src\main\AndroidManifest.xml:27:15-79
51                android:resource="@drawable/launch_background" />
51-->src\main\AndroidManifest.xml:28:15-61
52
53            <intent-filter>
53-->src\main\AndroidManifest.xml:30:13-33:29
54                <action android:name="android.intent.action.MAIN" />
54-->src\main\AndroidManifest.xml:31:17-68
54-->src\main\AndroidManifest.xml:31:25-66
55
56                <category android:name="android.intent.category.LAUNCHER" />
56-->src\main\AndroidManifest.xml:32:17-76
56-->src\main\AndroidManifest.xml:32:27-74
57            </intent-filter>
58        </activity>
59        <activity
59-->src\main\AndroidManifest.xml:35:7-38:63
60            android:name="com.yalantis.ucrop.UCropActivity"
60-->src\main\AndroidManifest.xml:36:5-52
61            android:screenOrientation="portrait"
61-->src\main\AndroidManifest.xml:37:5-41
62            android:theme="@style/Theme.AppCompat.Light.NoActionBar" />
62-->src\main\AndroidManifest.xml:38:5-61
63        <!--
64             Don't delete the meta-data below.
65             This is used by the Flutter tool to generate GeneratedPluginRegistrant.java
66        -->
67        <meta-data
67-->src\main\AndroidManifest.xml:41:9-43:33
68            android:name="flutterEmbedding"
68-->src\main\AndroidManifest.xml:42:13-44
69            android:value="2" />
69-->src\main\AndroidManifest.xml:43:13-30
70
71        <service
71-->[:cloud_firestore] AndroidManifest.xml:8:9-12:19
72            android:name="com.google.firebase.components.ComponentDiscoveryService"
72-->[:cloud_firestore] AndroidManifest.xml:8:18-89
73            android:directBootAware="true"
73-->[com.google.firebase:firebase-common:20.0.0] AndroidManifest.xml:35:13-43
74            android:exported="false" >
74-->[com.google.firebase:firebase-auth:21.0.1] AndroidManifest.xml:76:13-37
75            <meta-data
75-->[:cloud_firestore] AndroidManifest.xml:9:13-11:85
76                android:name="com.google.firebase.components:io.flutter.plugins.firebase.firestore.FlutterFirebaseFirestoreRegistrar"
76-->[:cloud_firestore] AndroidManifest.xml:10:17-134
77                android:value="com.google.firebase.components.ComponentRegistrar" />
77-->[:cloud_firestore] AndroidManifest.xml:11:17-82
78            <meta-data
78-->[:firebase_auth] AndroidManifest.xml:9:13-11:85
79                android:name="com.google.firebase.components:io.flutter.plugins.firebase.auth.FlutterFirebaseAuthRegistrar"
79-->[:firebase_auth] AndroidManifest.xml:10:17-124
80                android:value="com.google.firebase.components.ComponentRegistrar" />
80-->[:firebase_auth] AndroidManifest.xml:11:17-82
81            <meta-data
81-->[:firebase_storage] AndroidManifest.xml:9:13-11:85
82                android:name="com.google.firebase.components:io.flutter.plugins.firebase.storage.FlutterFirebaseAppRegistrar"
82-->[:firebase_storage] AndroidManifest.xml:10:17-126
83                android:value="com.google.firebase.components.ComponentRegistrar" />
83-->[:firebase_storage] AndroidManifest.xml:11:17-82
84            <meta-data
84-->[:firebase_core] AndroidManifest.xml:9:13-11:85
85                android:name="com.google.firebase.components:io.flutter.plugins.firebase.core.FlutterFirebaseCoreRegistrar"
85-->[:firebase_core] AndroidManifest.xml:10:17-124
86                android:value="com.google.firebase.components.ComponentRegistrar" />
86-->[:firebase_core] AndroidManifest.xml:11:17-82
87            <meta-data
87-->[com.google.firebase:firebase-auth:21.0.1] AndroidManifest.xml:77:13-79:85
88                android:name="com.google.firebase.components:com.google.firebase.auth.FirebaseAuthRegistrar"
88-->[com.google.firebase:firebase-auth:21.0.1] AndroidManifest.xml:78:17-109
89                android:value="com.google.firebase.components.ComponentRegistrar" />
89-->[com.google.firebase:firebase-auth:21.0.1] AndroidManifest.xml:79:17-82
90            <meta-data
90-->[com.google.firebase:firebase-firestore:24.0.1] AndroidManifest.xml:20:13-22:85
91                android:name="com.google.firebase.components:com.google.firebase.firestore.FirestoreRegistrar"
91-->[com.google.firebase:firebase-firestore:24.0.1] AndroidManifest.xml:21:17-111
92                android:value="com.google.firebase.components.ComponentRegistrar" />
92-->[com.google.firebase:firebase-firestore:24.0.1] AndroidManifest.xml:22:17-82
93            <meta-data
93-->[com.google.firebase:firebase-storage:20.0.0] AndroidManifest.xml:33:13-35:85
94                android:name="com.google.firebase.components:com.google.firebase.storage.StorageRegistrar"
94-->[com.google.firebase:firebase-storage:20.0.0] AndroidManifest.xml:34:17-107
95                android:value="com.google.firebase.components.ComponentRegistrar" />
95-->[com.google.firebase:firebase-storage:20.0.0] AndroidManifest.xml:35:17-82
96            <meta-data
96-->[com.google.android.gms:play-services-measurement-api:20.0.2] AndroidManifest.xml:30:13-32:85
97                android:name="com.google.firebase.components:com.google.firebase.analytics.connector.internal.AnalyticsConnectorRegistrar"
97-->[com.google.android.gms:play-services-measurement-api:20.0.2] AndroidManifest.xml:31:17-139
98                android:value="com.google.firebase.components.ComponentRegistrar" />
98-->[com.google.android.gms:play-services-measurement-api:20.0.2] AndroidManifest.xml:32:17-82
99            <meta-data
99-->[com.google.firebase:firebase-installations:17.0.0] AndroidManifest.xml:18:13-20:85
100                android:name="com.google.firebase.components:com.google.firebase.installations.FirebaseInstallationsRegistrar"
100-->[com.google.firebase:firebase-installations:17.0.0] AndroidManifest.xml:19:17-127
101                android:value="com.google.firebase.components.ComponentRegistrar" />
101-->[com.google.firebase:firebase-installations:17.0.0] AndroidManifest.xml:20:17-82
102        </service>
103
104        <provider
104-->[:image_picker] AndroidManifest.xml:8:9-16:20
105            android:name="io.flutter.plugins.imagepicker.ImagePickerFileProvider"
105-->[:image_picker] AndroidManifest.xml:9:13-82
106            android:authorities="com.example.blog.flutter.image_provider"
106-->[:image_picker] AndroidManifest.xml:10:13-74
107            android:exported="false"
107-->[:image_picker] AndroidManifest.xml:11:13-37
108            android:grantUriPermissions="true" >
108-->[:image_picker] AndroidManifest.xml:12:13-47
109            <meta-data
109-->[:image_picker] AndroidManifest.xml:13:13-15:75
110                android:name="android.support.FILE_PROVIDER_PATHS"
110-->[:image_picker] AndroidManifest.xml:14:17-67
111                android:resource="@xml/flutter_image_picker_file_paths" />
111-->[:image_picker] AndroidManifest.xml:15:17-72
112        </provider>
113
114        <activity
114-->[:url_launcher_android] AndroidManifest.xml:8:9-11:74
115            android:name="io.flutter.plugins.urllauncher.WebViewActivity"
115-->[:url_launcher_android] AndroidManifest.xml:9:13-74
116            android:exported="false"
116-->[:url_launcher_android] AndroidManifest.xml:10:13-37
117            android:theme="@android:style/Theme.NoTitleBar.Fullscreen" />
117-->[:url_launcher_android] AndroidManifest.xml:11:13-71
118        <activity
118-->[com.google.firebase:firebase-auth:21.0.1] AndroidManifest.xml:27:9-44:20
119            android:name="com.google.firebase.auth.internal.GenericIdpActivity"
119-->[com.google.firebase:firebase-auth:21.0.1] AndroidManifest.xml:28:13-80
120            android:excludeFromRecents="true"
120-->[com.google.firebase:firebase-auth:21.0.1] AndroidManifest.xml:29:13-46
121            android:exported="true"
121-->[com.google.firebase:firebase-auth:21.0.1] AndroidManifest.xml:30:13-36
122            android:launchMode="singleTask"
122-->[com.google.firebase:firebase-auth:21.0.1] AndroidManifest.xml:31:13-44
123            android:theme="@android:style/Theme.Translucent.NoTitleBar" >
123-->[com.google.firebase:firebase-auth:21.0.1] AndroidManifest.xml:32:13-72
124            <intent-filter>
124-->[com.google.firebase:firebase-auth:21.0.1] AndroidManifest.xml:33:13-43:29
125                <action android:name="android.intent.action.VIEW" />
125-->[com.google.firebase:firebase-auth:21.0.1] AndroidManifest.xml:34:17-69
125-->[com.google.firebase:firebase-auth:21.0.1] AndroidManifest.xml:34:25-66
126
127                <category android:name="android.intent.category.DEFAULT" />
127-->[com.google.firebase:firebase-auth:21.0.1] AndroidManifest.xml:36:17-76
127-->[com.google.firebase:firebase-auth:21.0.1] AndroidManifest.xml:36:27-73
128                <category android:name="android.intent.category.BROWSABLE" />
128-->[com.google.firebase:firebase-auth:21.0.1] AndroidManifest.xml:37:17-78
128-->[com.google.firebase:firebase-auth:21.0.1] AndroidManifest.xml:37:27-75
129
130                <data
130-->[com.google.firebase:firebase-auth:21.0.1] AndroidManifest.xml:39:17-42:51
131                    android:host="firebase.auth"
131-->[com.google.firebase:firebase-auth:21.0.1] AndroidManifest.xml:40:21-49
132                    android:path="/"
132-->[com.google.firebase:firebase-auth:21.0.1] AndroidManifest.xml:41:21-37
133                    android:scheme="genericidp" />
133-->[com.google.firebase:firebase-auth:21.0.1] AndroidManifest.xml:42:21-48
134            </intent-filter>
135        </activity>
136        <activity
136-->[com.google.firebase:firebase-auth:21.0.1] AndroidManifest.xml:45:9-62:20
137            android:name="com.google.firebase.auth.internal.RecaptchaActivity"
137-->[com.google.firebase:firebase-auth:21.0.1] AndroidManifest.xml:46:13-79
138            android:excludeFromRecents="true"
138-->[com.google.firebase:firebase-auth:21.0.1] AndroidManifest.xml:47:13-46
139            android:exported="true"
139-->[com.google.firebase:firebase-auth:21.0.1] AndroidManifest.xml:48:13-36
140            android:launchMode="singleTask"
140-->[com.google.firebase:firebase-auth:21.0.1] AndroidManifest.xml:49:13-44
141            android:theme="@android:style/Theme.Translucent.NoTitleBar" >
141-->[com.google.firebase:firebase-auth:21.0.1] AndroidManifest.xml:50:13-72
142            <intent-filter>
142-->[com.google.firebase:firebase-auth:21.0.1] AndroidManifest.xml:51:13-61:29
143                <action android:name="android.intent.action.VIEW" />
143-->[com.google.firebase:firebase-auth:21.0.1] AndroidManifest.xml:34:17-69
143-->[com.google.firebase:firebase-auth:21.0.1] AndroidManifest.xml:34:25-66
144
145                <category android:name="android.intent.category.DEFAULT" />
145-->[com.google.firebase:firebase-auth:21.0.1] AndroidManifest.xml:36:17-76
145-->[com.google.firebase:firebase-auth:21.0.1] AndroidManifest.xml:36:27-73
146                <category android:name="android.intent.category.BROWSABLE" />
146-->[com.google.firebase:firebase-auth:21.0.1] AndroidManifest.xml:37:17-78
146-->[com.google.firebase:firebase-auth:21.0.1] AndroidManifest.xml:37:27-75
147
148                <data
148-->[com.google.firebase:firebase-auth:21.0.1] AndroidManifest.xml:39:17-42:51
149                    android:host="firebase.auth"
149-->[com.google.firebase:firebase-auth:21.0.1] AndroidManifest.xml:40:21-49
150                    android:path="/"
150-->[com.google.firebase:firebase-auth:21.0.1] AndroidManifest.xml:41:21-37
151                    android:scheme="recaptcha" />
151-->[com.google.firebase:firebase-auth:21.0.1] AndroidManifest.xml:42:21-48
152            </intent-filter>
153        </activity>
154
155        <service
155-->[com.google.firebase:firebase-auth:21.0.1] AndroidManifest.xml:64:9-73:19
156            android:name="com.google.firebase.auth.api.fallback.service.FirebaseAuthFallbackService"
156-->[com.google.firebase:firebase-auth:21.0.1] AndroidManifest.xml:65:13-101
157            android:enabled="true"
157-->[com.google.firebase:firebase-auth:21.0.1] AndroidManifest.xml:66:13-35
158            android:exported="false" >
158-->[com.google.firebase:firebase-auth:21.0.1] AndroidManifest.xml:67:13-37
159            <intent-filter>
159-->[com.google.firebase:firebase-auth:21.0.1] AndroidManifest.xml:68:13-72:29
160                <action android:name="com.google.firebase.auth.api.gms.service.START" />
160-->[com.google.firebase:firebase-auth:21.0.1] AndroidManifest.xml:69:17-89
160-->[com.google.firebase:firebase-auth:21.0.1] AndroidManifest.xml:69:25-86
161
162                <category android:name="android.intent.category.DEFAULT" />
162-->[com.google.firebase:firebase-auth:21.0.1] AndroidManifest.xml:36:17-76
162-->[com.google.firebase:firebase-auth:21.0.1] AndroidManifest.xml:36:27-73
163            </intent-filter>
164        </service>
165
166        <provider
166-->[com.google.firebase:firebase-common:20.0.0] AndroidManifest.xml:26:9-31:39
167            android:name="com.google.firebase.provider.FirebaseInitProvider"
167-->[com.google.firebase:firebase-common:20.0.0] AndroidManifest.xml:27:13-77
168            android:authorities="com.example.blog.firebaseinitprovider"
168-->[com.google.firebase:firebase-common:20.0.0] AndroidManifest.xml:28:13-72
169            android:directBootAware="true"
169-->[com.google.firebase:firebase-common:20.0.0] AndroidManifest.xml:29:13-43
170            android:exported="false"
170-->[com.google.firebase:firebase-common:20.0.0] AndroidManifest.xml:30:13-37
171            android:initOrder="100" />
171-->[com.google.firebase:firebase-common:20.0.0] AndroidManifest.xml:31:13-36
172
173        <receiver
173-->[com.google.android.gms:play-services-measurement:20.0.2] AndroidManifest.xml:29:9-33:20
174            android:name="com.google.android.gms.measurement.AppMeasurementReceiver"
174-->[com.google.android.gms:play-services-measurement:20.0.2] AndroidManifest.xml:30:13-85
175            android:enabled="true"
175-->[com.google.android.gms:play-services-measurement:20.0.2] AndroidManifest.xml:31:13-35
176            android:exported="false" >
176-->[com.google.android.gms:play-services-measurement:20.0.2] AndroidManifest.xml:32:13-37
177        </receiver>
178
179        <service
179-->[com.google.android.gms:play-services-measurement:20.0.2] AndroidManifest.xml:35:9-38:40
180            android:name="com.google.android.gms.measurement.AppMeasurementService"
180-->[com.google.android.gms:play-services-measurement:20.0.2] AndroidManifest.xml:36:13-84
181            android:enabled="true"
181-->[com.google.android.gms:play-services-measurement:20.0.2] AndroidManifest.xml:37:13-35
182            android:exported="false" />
182-->[com.google.android.gms:play-services-measurement:20.0.2] AndroidManifest.xml:38:13-37
183        <service
183-->[com.google.android.gms:play-services-measurement:20.0.2] AndroidManifest.xml:39:9-43:72
184            android:name="com.google.android.gms.measurement.AppMeasurementJobService"
184-->[com.google.android.gms:play-services-measurement:20.0.2] AndroidManifest.xml:40:13-87
185            android:enabled="true"
185-->[com.google.android.gms:play-services-measurement:20.0.2] AndroidManifest.xml:41:13-35
186            android:exported="false"
186-->[com.google.android.gms:play-services-measurement:20.0.2] AndroidManifest.xml:42:13-37
187            android:permission="android.permission.BIND_JOB_SERVICE" />
187-->[com.google.android.gms:play-services-measurement:20.0.2] AndroidManifest.xml:43:13-69
188
189        <activity
189-->[com.google.android.gms:play-services-auth:20.0.1] AndroidManifest.xml:23:9-27:75
190            android:name="com.google.android.gms.auth.api.signin.internal.SignInHubActivity"
190-->[com.google.android.gms:play-services-auth:20.0.1] AndroidManifest.xml:24:13-93
191            android:excludeFromRecents="true"
191-->[com.google.android.gms:play-services-auth:20.0.1] AndroidManifest.xml:25:13-46
192            android:exported="false"
192-->[com.google.android.gms:play-services-auth:20.0.1] AndroidManifest.xml:26:13-37
193            android:theme="@android:style/Theme.Translucent.NoTitleBar" />
193-->[com.google.android.gms:play-services-auth:20.0.1] AndroidManifest.xml:27:13-72
194        <!--
195            Service handling Google Sign-In user revocation. For apps that do not integrate with
196            Google Sign-In, this service will never be started.
197        -->
198        <service
198-->[com.google.android.gms:play-services-auth:20.0.1] AndroidManifest.xml:33:9-37:51
199            android:name="com.google.android.gms.auth.api.signin.RevocationBoundService"
199-->[com.google.android.gms:play-services-auth:20.0.1] AndroidManifest.xml:34:13-89
200            android:exported="true"
200-->[com.google.android.gms:play-services-auth:20.0.1] AndroidManifest.xml:35:13-36
201            android:permission="com.google.android.gms.auth.api.signin.permission.REVOCATION_NOTIFICATION"
201-->[com.google.android.gms:play-services-auth:20.0.1] AndroidManifest.xml:36:13-107
202            android:visibleToInstantApps="true" />
202-->[com.google.android.gms:play-services-auth:20.0.1] AndroidManifest.xml:37:13-48
203
204        <activity
204-->[com.google.android.gms:play-services-base:18.0.1] AndroidManifest.xml:20:9-22:45
205            android:name="com.google.android.gms.common.api.GoogleApiActivity"
205-->[com.google.android.gms:play-services-base:18.0.1] AndroidManifest.xml:20:19-85
206            android:exported="false"
206-->[com.google.android.gms:play-services-base:18.0.1] AndroidManifest.xml:22:19-43
207            android:theme="@android:style/Theme.Translucent.NoTitleBar" />
207-->[com.google.android.gms:play-services-base:18.0.1] AndroidManifest.xml:21:19-78
208
209        <meta-data
209-->[com.google.android.gms:play-services-basement:18.0.0] AndroidManifest.xml:21:9-23:69
210            android:name="com.google.android.gms.version"
210-->[com.google.android.gms:play-services-basement:18.0.0] AndroidManifest.xml:22:13-58
211            android:value="@integer/google_play_services_version" />
211-->[com.google.android.gms:play-services-basement:18.0.0] AndroidManifest.xml:23:13-66
212    </application>
213
214</manifest>